\BOOKMARK [1][-]{section.1}{\376\377\000B\000a\000c\000k\000g\000r\000o\000u\000n\000d}{}% 1
\BOOKMARK [2][-]{subsection.1.1}{\376\377\000G\000P\000\040\000s\000e\000t\000u\000p}{section.1}% 2
\BOOKMARK [2][-]{subsection.1.2}{\376\377\000P\000o\000l\000y\000a\000g\000a\000m\000m\000a\000\040\000A\000u\000g\000m\000e\000n\000t\000a\000t\000i\000o\000n}{section.1}% 3
\BOOKMARK [1][-]{section.2}{\376\377\000E\000\040\000s\000t\000e\000p}{}% 4
\BOOKMARK [2][-]{subsection.2.1}{\376\377\000W\000a\000r\000m\000u\000p\000;\000\040\000C\000A\000V\000I\000\040\000U\000p\000d\000a\000t\000e\000s}{section.2}% 5
\BOOKMARK [2][-]{subsection.2.2}{\376\377\000C\000A\000V\000I\000\040\000S\000u\000m\000m\000a\000r\000y}{section.2}% 6
\BOOKMARK [2][-]{subsection.2.3}{\376\377\000N\000a\000t\000u\000r\000a\000l\000\040\000G\000r\000a\000d\000i\000e\000n\000t\000\040\000U\000p\000d\000a\000t\000e\000s}{section.2}% 7
\BOOKMARK [2][-]{subsection.2.4}{\376\377\000E\000\040\000s\000t\000e\000p\000\040\000S\000u\000m\000m\000a\000r\000y}{section.2}% 8
\BOOKMARK [2][-]{subsection.2.5}{\376\377\000E\040\020\000s\000t\000e\000p\000\040\000C\000o\000m\000p\000u\000t\000a\000t\000i\000o\000n\000s}{section.2}% 9
\BOOKMARK [2][-]{subsection.2.6}{\376\377\000S\000o\000l\000v\000i\000n\000g\000\040\000z\000z}{section.2}% 10
\BOOKMARK [1][-]{section.3}{\376\377\000M\000\040\000s\000t\000e\000p}{}% 11
\BOOKMARK [2][-]{subsection.3.1}{\376\377\000H\000y\000p\000e\000r\000p\000a\000r\000a\000m\000e\000t\000e\000r\000\040\000U\000p\000d\000a\000t\000e\000s}{section.3}% 12
\BOOKMARK [2][-]{subsection.3.2}{\376\377\000T\000e\000r\000m\000\040\0001}{section.3}% 13
\BOOKMARK [2][-]{subsection.3.3}{\376\377\000T\000e\000r\000m\000\040\0002}{section.3}% 14
\BOOKMARK [2][-]{subsection.3.4}{\376\377\000T\000e\000r\000m\000\040\0003}{section.3}% 15
\BOOKMARK [2][-]{subsection.3.5}{\376\377\000\040\000S\000u\000m\000m\000a\000r\000y}{section.3}% 16
\BOOKMARK [1][-]{section.4}{\376\377\000R\000e\000v\000i\000s\000e\000d\000\040\000M\000\040\000S\000t\000e\000p}{}% 17
\BOOKMARK [1][-]{section.5}{\376\377\000P\000r\000e\000d\000i\000c\000t\000i\000v\000e\000\040\000m\000e\000a\000n}{}% 18
\BOOKMARK [1][-]{section.6}{\376\377\000P\000r\000e\000d\000i\000c\000t\000i\000v\000e\000\040\000v\000a\000r\000i\000a\000n\000c\000e}{}% 19
\BOOKMARK [1][-]{section.7}{\376\377\000P\000r\000e\000d\000i\000c\000t\000i\000v\000e\000\040\000C\000l\000a\000s\000s\000\040\000P\000r\000o\000b\000a\000b\000i\000l\000i\000t\000y\000\040}{}% 20
\BOOKMARK [1][-]{section.8}{\376\377\000S\000u\000m\000m\000a\000r\000y}{}% 21
\BOOKMARK [1][-]{section.9}{\376\377\000N\000e\000g\000a\000t\000i\000v\000e\000\040\000B\000i\000n\000o\000m\000i\000a\000l}{}% 22
\BOOKMARK [2][-]{subsection.9.1}{\376\377\000L\000i\000k\000e\000l\000i\000h\000o\000o\000d\000\040\000a\000n\000d\000\040\000a\000u\000g\000m\000e\000n\000t\000a\000t\000i\000o\000n}{section.9}% 23
\BOOKMARK [2][-]{subsection.9.2}{\376\377\000M\000e\000a\000n\000-\000f\000i\000e\000l\000d\000\040\000u\000p\000d\000a\000t\000e\000s}{section.9}% 24
\BOOKMARK [2][-]{subsection.9.3}{\376\377\000K\000e\000r\000n\000e\000l\000\040\000h\000y\000p\000e\000r\000p\000a\000r\000a\000m\000e\000t\000e\000r\000\040\000u\000p\000d\000a\000t\000e}{section.9}% 25
\BOOKMARK [2][-]{subsection.9.4}{\376\377\000U\000p\000d\000a\000t\000i\000n\000g\000\040\000t\000h\000e\000\040\000s\000h\000a\000p\000e\000\040\000p\000a\000r\000a\000m\000e\000t\000e\000r\000\040\000r}{section.9}% 26
\BOOKMARK [2][-]{subsection.9.5}{\376\377\000P\000r\000e\000d\000i\000c\000t\000i\000v\000e\000\040\000m\000e\000a\000n\000\040\000c\000o\000u\000n\000t}{section.9}% 27
